2025-02-10 18:49:24,036 - INFO - HTTP Request: POST http://127.0.0.1:11434/api/chat "HTTP/1.1 200 OK"
2025-02-10 18:49:26,615 - INFO - Model selected tool: execute_sql_query with arguments: {'db_path': '', 'query': "SELECT * FROM sqlite_master WHERE type='table';"}
2025-02-10 18:49:26,620 - INFO - Model response: No results found.
2025-02-10 18:57:05,597 - INFO - HTTP Request: POST http://127.0.0.1:11434/api/chat "HTTP/1.1 200 OK"
2025-02-10 18:57:06,942 - INFO - Model selected tool: get_contractor_data with arguments: {'db_path': ''}
2025-02-10 18:57:06,947 - INFO - Model response: Error: no such table: Contractor
2025-02-10 19:09:42,035 - INFO - HTTP Request: POST http://127.0.0.1:11434/api/chat "HTTP/1.1 200 OK"
2025-02-10 19:15:27,707 - INFO - HTTP Request: POST http://127.0.0.1:11434/api/chat "HTTP/1.1 200 OK"
2025-02-10 19:15:28,861 - INFO - Model selected tool: get_contractor_data with arguments: {}
2025-02-10 19:15:28,866 - INFO - Model response: (1, 'John Doe', '789 Contractor Ave', 'Downtown', '1234567890')
(2, 'Jane Smith', '456 Builder Rd', 'Uptown', '9876543210')
(3, 'Mike Johnson', '321 Fixer St', 'Suburb', '5678901234')
(4, 'Sarah Lee', '654 Renovate Blvd', 'Midtown', '4321098765')
(5, 'David Kim', '147 Construct Ln', 'Old Town', '6789012345')
2025-02-10 19:33:50,922 - INFO - HTTP Request: POST http://127.0.0.1:11434/api/chat "HTTP/1.1 200 OK"
2025-02-10 19:33:51,997 - INFO - Model selected tool: converse with arguments: {'input': 'hi'}
2025-02-10 19:33:52,146 - INFO - HTTP Request: POST http://127.0.0.1:11434/api/chat "HTTP/1.1 200 OK"
2025-02-10 19:33:53,674 - INFO - Model response: Hi! It's nice to meet you. Is there something I can help you with or would you like to chat?
2025-02-10 19:54:17,739 - INFO - HTTP Request: POST http://127.0.0.1:11434/api/chat "HTTP/1.1 200 OK"
2025-02-10 19:54:18,627 - INFO - Model selected tool: get_property_data with arguments: {}
2025-02-10 19:54:18,631 - INFO - Model response: (1, '123 Main St', 'P001', 'Sunset Villa', 'LOOPLOOP', 'Ready to move')
(2, '456 Oak St', 'P002', 'Maple Residency', 'Sold', 'Under renovation')
(3, '789 Pine St', 'P003', 'Pine Crest', 'Available', 'Newly constructed')
(4, '321 Elm St', 'P004', 'Elm Heights', 'Under Contract', 'Pending approval')
(5, '654 Cedar St', 'P005', 'Cedar Homes', 'Available', 'Furnished')
2025-02-10 19:54:44,226 - INFO - HTTP Request: POST http://127.0.0.1:11434/api/chat "HTTP/1.1 200 OK"
2025-02-10 19:54:45,288 - INFO - Model selected tool: get_property_data with arguments: {}
2025-02-10 19:54:45,292 - INFO - Model response: (1, '123 Main St', 'P001', 'Sunset Villa', 'LOOPLOOP', 'Ready to move')
(2, '456 Oak St', 'P002', 'Maple Residency', 'Sold', 'Under renovation')
(3, '789 Pine St', 'P003', 'Pine Crest', 'Available', 'Newly constructed')
(4, '321 Elm St', 'P004', 'Elm Heights', 'Under Contract', 'Pending approval')
(5, '654 Cedar St', 'P005', 'Cedar Homes', 'Available', 'Furnished')
2025-02-12 11:03:03,770 - INFO - HTTP Request: POST http://127.0.0.1:11434/api/chat "HTTP/1.1 404 Not Found"
2025-02-12 11:04:42,661 - INFO - HTTP Request: POST http://127.0.0.1:11434/api/chat "HTTP/1.1 200 OK"
2025-02-12 11:04:44,092 - INFO - Model selected tool: get_property_data with arguments: {}
2025-02-12 11:04:44,096 - INFO - Model response: (1, '123 Main St', 'P001', 'Sunset Villa', 'LOOPLOOP', 'Ready to move')
(2, '456 Oak St', 'P002', 'Maple Residency', 'Sold', 'Under renovation')
(3, '789 Pine St', 'P003', 'Pine Crest', 'Available', 'Newly constructed')
(4, '321 Elm St', 'P004', 'Elm Heights', 'Under Contract', 'Pending approval')
(5, '654 Cedar St', 'P005', 'Cedar Homes', 'Available', 'Furnished')
2025-02-12 11:06:30,423 - INFO - HTTP Request: POST http://127.0.0.1:11434/api/chat "HTTP/1.1 200 OK"
2025-02-12 11:06:31,838 - INFO - Model selected tool: get_property_data with arguments: {}
2025-02-12 11:06:32,171 - INFO - HTTP Request: POST http://127.0.0.1:11434/api/chat "HTTP/1.1 200 OK"
2025-02-12 11:07:18,324 - INFO - Model response: It appears you have a list of properties with their details. Here's a breakdown of the information in a structured format:

### Properties List

1. **Property ID**: 1
   - **Address**: 123 Main St
   - **Project Code**: P001
   - **Project Name**: Sunset Villa
   - **Status**: LOOPLOOP
   - **Description**: Ready to move

2. **Property ID**: 2
   - **Address**: 456 Oak St
   - **Project Code**: P002
   - **Project Name**: Maple Residency
   - **Status**: Sold
   - **Description**: Under renovation

3. **Property ID**: 3
   - **Address**: 789 Pine St
   - **Project Code**: P003
   - **Project Name**: Pine Crest
   - **Status**: Available
   - **Description**: Newly constructed

4. **Property ID**: 4
   - **Address**: 321 Elm St
   - **Project Code**: P004
   - **Project Name**: Elm Heights
   - **Status**: Under Contract
   - **Description**: Pending approval

5. **Property ID**: 5
   - **Address**: 654 Cedar St
   - **Project Code**: P005
   - **Project Name**: Cedar Homes
   - **Status**: Available
   - **Description**: Furnished

If you're looking to store or manipulate this data, it might be useful to consider using a database or a structured data format like JSON or CSV. For example, in JSON, this data could look something like this:

```json
[
  {
    "Property ID": 1,
    "Address": "123 Main St",
    "Project Code": "P001",
    "Project Name": "Sunset Villa",
    "Status": "LOOPLOOP",
    "Description": "Ready to move"
  },
  {
    "Property ID": 2,
    "Address": "456 Oak St",
    "Project Code": "P002",
    "Project Name": "Maple Residency",
    "Status": "Sold",
    "Description": "Under renovation"
  },
  {
    "Property ID": 3,
    "Address": "789 Pine St",
    "Project Code": "P003",
    "Project Name": "Pine Crest",
    "Status": "Available",
    "Description": "Newly constructed"
  },
  {
    "Property ID": 4,
    "Address": "321 Elm St",
    "Project Code": "P004",
    "Project Name": "Elm Heights",
    "Status": "Under Contract",
    "Description": "Pending approval"
  },
  {
    "Property ID": 5,
    "Address": "654 Cedar St",
    "Project Code": "P005",
    "Project Name": "Cedar Homes",
    "Status": "Available",
    "Description": "Furnished"
  }
]
```

This format makes it easier to work with the data, especially if you're planning to use it in a web application or any other software project.
2025-02-12 11:09:11,172 - INFO - HTTP Request: POST http://127.0.0.1:11434/api/chat "HTTP/1.1 200 OK"
2025-02-12 11:09:12,691 - INFO - Model selected tool: get_contractor_data with arguments: {}
2025-02-12 11:09:12,952 - INFO - HTTP Request: POST http://127.0.0.1:11434/api/chat "HTTP/1.1 200 OK"
2025-02-12 11:09:57,235 - INFO - Model response: It appears you've provided a set of data that could represent records in a database, possibly for contacts or customers. Each tuple contains an ID and details about an individual: their name, address (including street and neighborhood), and phone number.

If the task is to work with this data, here are some steps and examples using Python:

### Step 1: Define the Data

First, let's define the given data as a list of tuples in Python:

```python
# List of contacts
contacts = [
    (1, 'John Doe', '789 Contractor Ave', 'Downtown', '1234567890'),
    (2, 'Jane Smith', '456 Builder Rd', 'Uptown', '9876543210'),
    (3, 'Mike Johnson', '321 Fixer St', 'Suburb', '5678901234'),
    (4, 'Sarah Lee', '654 Renovate Blvd', 'Midtown', '4321098765'),
    (5, 'David Kim', '147 Construct Ln', 'Old Town', '6789012345')
]
```

### Step 2: Accessing and Printing Data

If you want to access or print specific data from these contacts, you can do so by iterating over the list:

```python
# Example: Print all names
for contact in contacts:
    print(contact[1])
```

### Step 3: Searching for Specific Contacts

You might need to search for a contact based on certain criteria (e.g., name or neighborhood):

```python
def find_contact_by_name(name):
    """Find and return the first contact that matches the given name."""
    for contact in contacts:
        if contact[1].lower() == name.lower():  # Case-insensitive match
            return contact
    return None

# Example usage: Find John Doe's details
john_doe = find_contact_by_name('John Doe')
if john_doe:
    print(john_doe)
else:
    print("Contact not found.")
```

### Step 4: Adding New Contacts

If you need to add a new contact, ensure it follows the same structure as existing contacts:

```python
def add_new_contact(id, name, address, neighborhood, phone_number):
    """Add a new contact to the list."""
    new_contact = (id, name, address, neighborhood, phone_number)
    contacts.append(new_contact)

# Example: Add a new contact
add_new_contact(6, 'Emily Chen', '901 Developer Dr', 'New Town', '1112223333')
print("Updated Contacts:")
for contact in contacts:
    print(contact)
```

### Step 5: Organizing Data (Optional)

For more complex operations or larger datasets, consider using a database like SQLite or PostgreSQL. Python's `sqlite3` module provides an easy way to interact with SQLite databases.

This example demonstrates basic operations you can perform on the given dataset. Depending on your specific needs, such as data analysis, reporting, or integration with other systems, additional steps might be necessary.
2025-02-12 11:19:07,602 - INFO - HTTP Request: POST http://127.0.0.1:11434/api/chat "HTTP/1.1 200 OK"
2025-02-12 11:19:09,108 - INFO - Model selected tool: get_contractor_data with arguments: {}
2025-02-12 11:19:09,365 - INFO - HTTP Request: POST http://127.0.0.1:11434/api/chat "HTTP/1.1 200 OK"
2025-02-12 11:19:50,291 - INFO - Model response: It appears you have provided a set of tuples representing data for individuals. Each tuple seems to contain the following information:

1. A unique identifier (ID)
2. The person's full name
3. Their address
4. The neighborhood or area they live in
5. Their phone number

If you're looking to work with this data, it might be helpful to create a structured format for it, such as using a dictionary where each key represents one of the fields (ID, Name, Address, Neighborhood, Phone Number). Alternatively, if you're working within a database context or planning to use this data in a program, organizing it into a table structure could be beneficial.

Here's an example of how you might represent this data as a list of dictionaries in Python:

```python
data = [
    {"ID": 1, "Name": 'John Doe', "Address": '789 Contractor Ave', "Neighborhood": 'Downtown', "PhoneNumber": '1234567890'},
    {"ID": 2, "Name": 'Jane Smith', "Address": '456 Builder Rd', "Neighborhood": 'Uptown', "PhoneNumber": '9876543210'},
    {"ID": 3, "Name": 'Mike Johnson', "Address": '321 Fixer St', "Neighborhood": 'Suburb', "PhoneNumber": '5678901234'},
    {"ID": 4, "Name": 'Sarah Lee', "Address": '654 Renovate Blvd', "Neighborhood": 'Midtown', "PhoneNumber": '4321098765'},
    {"ID": 5, "Name": 'David Kim', "Address": '147 Construct Ln', "Neighborhood": 'Old Town', "PhoneNumber": '6789012345'}
]
```

Or, if you're looking at this from a database perspective (e.g., SQL), you might create a table like so:

```sql
CREATE TABLE Individuals (
    ID INT PRIMARY KEY,
    Name VARCHAR(255),
    Address VARCHAR(255),
    Neighborhood VARCHAR(100),
    PhoneNumber CHAR(10)
);

INSERT INTO Individuals (ID, Name, Address, Neighborhood, PhoneNumber)
VALUES
(1, 'John Doe', '789 Contractor Ave', 'Downtown', '1234567890'),
(2, 'Jane Smith', '456 Builder Rd', 'Uptown', '9876543210'),
(3, 'Mike Johnson', '321 Fixer St', 'Suburb', '5678901234'),
(4, 'Sarah Lee', '654 Renovate Blvd', 'Midtown', '4321098765'),
(5, 'David Kim', '147 Construct Ln', 'Old Town', '6789012345');
```

Please let me know if there's a specific task or question you have regarding this data!
2025-02-12 11:23:18,988 - INFO - HTTP Request: POST http://127.0.0.1:11434/api/chat "HTTP/1.1 200 OK"
2025-02-12 11:23:38,306 - INFO - Model selected tool: update_property_status with arguments: {'property_id': 'property_id_for_P002', 'new_status': 'Sold', 'status_detail': 'Property has been sold to a new owner.'}
2025-02-12 11:24:08,789 - INFO - HTTP Request: POST http://127.0.0.1:11434/api/chat "HTTP/1.1 200 OK"
2025-02-12 11:24:30,951 - INFO - Model selected tool: get_property_data with arguments: {}
2025-02-12 11:24:31,289 - INFO - HTTP Request: POST http://127.0.0.1:11434/api/chat "HTTP/1.1 200 OK"
2025-02-12 11:25:07,403 - INFO - Model response: It appears you've provided a set of data that represents properties or real estate listings. Each listing includes several details:

1. A unique identifier (ID)
2. The street address
3. A property code (P001, P002, etc.)
4. The name of the property or complex
5. The current status of the property (Available, Sold, Under Contract, LOOPLOOP)
6. Additional descriptive information about the property's condition or features

Here is a breakdown and possible interpretation of each field:

- **ID**: A unique identifier for each property listing.
- **Address**: The physical location of the property.
- **Property Code**: A specific code assigned to each property, possibly used internally by the real estate company or agent.
- **Property Name**: The name given to the property or the complex it's part of.
- **Status**: Indicates whether the property is available for sale, has been sold, is under contract, or another status. "LOOPLOOP" seems out of place and might be an error or a placeholder that needs correction.
- **Description/Condition**: Provides additional information about the property, such as if it's ready to move in, under renovation, newly constructed, pending approval, or furnished.

If you're looking for ways to organize this data, consider using a database or spreadsheet with columns for each of these fields. Here's an example using SQL to create a simple table:

```sql
CREATE TABLE Properties (
    ID INT PRIMARY KEY,
    Address VARCHAR(255),
    PropertyCode VARCHAR(10),
    PropertyName VARCHAR(100),
    Status VARCHAR(20),
    Description TEXT
);
```

Then, you could insert your data like this:

```sql
INSERT INTO Properties (ID, Address, PropertyCode, PropertyName, Status, Description)
VALUES
(1, '123 Main St', 'P001', 'Sunset Villa', 'Ready to move', 'LOOPLOOP'),
(2, '456 Oak St', 'P002', 'Maple Residency', 'Sold', 'Under renovation'),
(3, '789 Pine St', 'P003', 'Pine Crest', 'Available', 'Newly constructed'),
(4, '321 Elm St', 'P004', 'Elm Heights', 'Under Contract', 'Pending approval'),
(5, '654 Cedar St', 'P005', 'Cedar Homes', 'Available', 'Furnished');
```

This setup allows for easy management and querying of your property listings.
2025-02-12 11:27:06,879 - INFO - Model selected tool: get_property_data with arguments: {}
2025-02-12 11:27:41,426 - INFO - Model response: It appears you've provided a list of properties with their details. Here's a breakdown and formatting for better readability:

### Properties List

1. **ID: 1**
   - Address: `123 Main St`
   - Property Code: `P001`
   - Name: `Sunset Villa`
   - Status: `LOOPLOOP`
   - Description: `Ready to move`

2. **ID: 2**
   - Address: `456 Oak St`
   - Property Code: `P002`
   - Name: `Maple Residency`
   - Status: `Sold`
   - Description: `Under renovation`

3. **ID: 3**
   - Address: `789 Pine St`
   - Property Code: `P003`
   - Name: `Pine Crest`
   - Status: `Available`
   - Description: `Newly constructed`

4. **ID: 4**
   - Address: `321 Elm St`
   - Property Code: `P004`
   - Name: `Elm Heights`
   - Status: `Under Contract`
   - Description: `Pending approval`

5. **ID: 5**
   - Address: `654 Cedar St`
   - Property Code: `P005`
   - Name: `Cedar Homes`
   - Status: `Available`
   - Description: `Furnished`

### Observations
- The properties have various statuses such as `Available`, `Sold`, `Under Contract`, and an unusual status `LOOPLOOP` which doesn't clearly indicate the property's availability or state.
- Descriptions provide additional context about the condition of the properties, like being `Ready to move`, `Under renovation`, `Newly constructed`, `Pending approval`, or `Furnished`.
- Each property has a unique ID and code (`P001`, `P002`, etc.), along with a name for easier identification.

### Possible Next Steps
If you're looking to manage these properties, next steps could include:
- Correcting any inconsistencies in the status (e.g., clarifying what `LOOPLOOP` means).
- Organizing the properties by their status or availability for easier management.
- Considering adding more details such as pricing, amenities, or contact information for potential buyers/renters.

Please let me know if there's anything specific you'd like to do with this data!
2025-02-12 11:37:29,375 - INFO - Selected tool: get_property_data with args: {}
2025-02-12 11:39:12,598 - INFO - HTTP Request: POST http://127.0.0.1:11434/api/chat "HTTP/1.1 200 OK"
2025-02-12 11:39:14,030 - INFO - Model selected tool: get_property_data with arguments: {}
2025-02-12 11:39:14,033 - INFO - Model response: (1, '123 Main St', 'P001', 'Sunset Villa', 'LOOPLOOP', 'Ready to move')
(2, '456 Oak St', 'P002', 'Maple Residency', 'Sold', 'Under renovation')
(3, '789 Pine St', 'P003', 'Pine Crest', 'Available', 'Newly constructed')
(4, '321 Elm St', 'P004', 'Elm Heights', 'Under Contract', 'Pending approval')
(5, '654 Cedar St', 'P005', 'Cedar Homes', 'Available', 'Furnished')
2025-02-12 11:43:31,762 - INFO - HTTP Request: POST http://127.0.0.1:11434/api/chat "HTTP/1.1 200 OK"
2025-02-12 11:43:34,567 - INFO - Model selected tool: update_property_status with arguments: {'property_id': 3, 'new_status': 'painted'}
2025-02-12 11:43:34,574 - INFO - Model response: Property 3 status successfully updated to 'painted'.
2025-02-12 11:44:07,072 - INFO - HTTP Request: POST http://127.0.0.1:11434/api/chat "HTTP/1.1 200 OK"
2025-02-12 11:44:09,809 - INFO - Model selected tool: update_property_status with arguments: {'property_id': 5, 'new_status': 'Sold'}
2025-02-12 11:44:09,814 - INFO - Model response: Property 5 status successfully updated to 'Sold'.
2025-02-12 11:56:47,465 - INFO - HTTP Request: POST http://127.0.0.1:11434/api/chat "HTTP/1.1 200 OK"
2025-02-12 11:56:50,353 - INFO - Model selected tool: update_property_status with arguments: {'property_identifier': '123 Main Street', 'new_status': 'Sold'}
2025-02-12 11:56:50,356 - INFO - Model response: Error: No property found matching identifier '123 Main Street'
2025-02-12 11:57:24,315 - INFO - HTTP Request: POST http://127.0.0.1:11434/api/chat "HTTP/1.1 200 OK"
2025-02-12 11:57:27,224 - INFO - Model selected tool: update_property_status with arguments: {'property_identifier': '123 Main St', 'new_status': 'Sold'}
2025-02-12 11:57:27,230 - INFO - Model response: Property 123 Main St status successfully updated to 'Sold'
2025-02-12 11:57:54,768 - INFO - HTTP Request: POST http://127.0.0.1:11434/api/chat "HTTP/1.1 200 OK"
2025-02-12 11:57:56,207 - INFO - Model selected tool: get_property_data with arguments: {}
2025-02-12 11:57:56,209 - INFO - Model response: (1, '123 Main St', 'P001', 'Sunset Villa', 'Sold', '')
(2, '456 Oak St', 'P002', 'Maple Residency', 'Sold', 'Under renovation')
(3, '789 Pine St', 'P003', 'Pine Crest', 'painted', 'Newly constructed')
(4, '321 Elm St', 'P004', 'Elm Heights', 'Under Contract', 'Pending approval')
(5, '654 Cedar St', 'P005', 'Cedar Homes', 'Sold', 'Furnished')
2025-02-12 12:04:05,358 - INFO - HTTP Request: POST http://127.0.0.1:11434/api/chat "HTTP/1.1 200 OK"
2025-02-12 12:04:07,677 - INFO - Model selected tool: get_property_status with arguments: {'property_identifier': '123 Main St'}
2025-02-12 12:04:07,680 - INFO - Model response: Property '123 Main St' status: Sold
2025-02-12 12:05:01,442 - INFO - HTTP Request: POST http://127.0.0.1:11434/api/chat "HTTP/1.1 200 OK"
2025-02-12 12:05:03,778 - INFO - Model selected tool: get_property_status with arguments: {'property_identifier': 'Cedar St'}
2025-02-12 12:05:03,780 - INFO - Model response: No property found matching identifier 'Cedar St'
2025-02-12 12:05:28,396 - INFO - HTTP Request: POST http://127.0.0.1:11434/api/chat "HTTP/1.1 200 OK"
2025-02-12 12:05:30,722 - INFO - Model selected tool: get_property_status with arguments: {'property_identifier': 'Sunset Villa'}
2025-02-12 12:05:30,725 - INFO - Model response: Property 'Sunset Villa' status: Sold
2025-02-12 12:11:56,954 - INFO - HTTP Request: POST http://127.0.0.1:11434/api/chat "HTTP/1.1 200 OK"
2025-02-12 12:15:19,973 - INFO - HTTP Request: POST http://127.0.0.1:11434/api/chat "HTTP/1.1 200 OK"
2025-02-12 12:15:22,154 - INFO - Model selected tool: converse with arguments: {'input': 'list my properties'}
2025-02-12 12:15:22,280 - INFO - HTTP Request: POST http://127.0.0.1:11434/api/chat "HTTP/1.1 200 OK"
2025-02-12 12:15:30,735 - INFO - Model response: I don't have any information about your personal properties. I'm a text-based AI assistant and do not have the ability to access or store personal data. Each time you interact with me, it's a new conversation and I don't retain any information from previous conversations.

If you'd like to list your properties (e.g., real estate, assets, etc.), you can provide that information yourself. Alternatively, if you're looking for assistance with organizing or managing your properties, I can offer general guidance or point you in the direction of resources that may be helpful. Just let me know how I can assist!
2025-02-12 12:16:10,746 - INFO - HTTP Request: POST http://127.0.0.1:11434/api/chat "HTTP/1.1 200 OK"
2025-02-12 12:16:13,053 - INFO - Model selected tool: get_property_status with arguments: {'property_identifier': '123 Main St'}
2025-02-12 12:16:13,055 - INFO - Model response: Property '123 Main St' status: Sold
2025-02-12 12:17:06,062 - INFO - HTTP Request: POST http://127.0.0.1:11434/api/chat "HTTP/1.1 200 OK"
2025-02-12 12:17:08,944 - INFO - Model selected tool: update_property_status with arguments: {'property_identifier': 'Sunset Villa', 'new_status': 'Available'}
2025-02-12 12:17:08,949 - INFO - Model response: Property Sunset Villa status successfully updated to 'Available'
2025-02-12 12:18:34,769 - INFO - HTTP Request: POST http://127.0.0.1:11434/api/chat "HTTP/1.1 200 OK"
2025-02-12 12:18:37,067 - INFO - Model selected tool: get_property_status with arguments: {'property_identifier': '123 Main St'}
2025-02-12 12:18:37,070 - INFO - Model response: Property '123 Main St' status: Available
2025-02-12 12:18:44,803 - INFO - HTTP Request: POST http://127.0.0.1:11434/api/chat "HTTP/1.1 200 OK"
2025-02-12 12:18:47,675 - INFO - Model selected tool: update_property_status with arguments: {'property_identifier': 'Sunset Villa', 'new_status': 'Available'}
2025-02-12 12:18:47,677 - INFO - Model response: Property Sunset Villa status successfully updated to 'Available'
2025-02-12 12:19:02,223 - INFO - HTTP Request: POST http://127.0.0.1:11434/api/chat "HTTP/1.1 200 OK"
2025-02-12 12:19:04,509 - INFO - Model selected tool: get_property_status with arguments: {'property_identifier': '123 Main St'}
2025-02-12 12:19:04,511 - INFO - Model response: Property '123 Main St' status: Available
2025-02-12 12:19:13,279 - INFO - HTTP Request: POST http://127.0.0.1:11434/api/chat "HTTP/1.1 200 OK"
2025-02-12 12:19:16,724 - INFO - Model selected tool: update_property_status with arguments: {'property_identifier': 'Sunset Villa', 'new_status': 'Sold', 'status_detail': 'f'}
2025-02-12 12:19:16,731 - INFO - Model response: Property Sunset Villa status successfully updated to 'Sold' with details: 'f'
2025-02-12 12:19:32,917 - INFO - HTTP Request: POST http://127.0.0.1:11434/api/chat "HTTP/1.1 200 OK"
2025-02-12 12:19:35,205 - INFO - Model selected tool: get_property_status with arguments: {'property_identifier': '123 Main St'}
2025-02-12 12:19:35,207 - INFO - Model response: Property '123 Main St' status: Sold
Details: f
2025-02-12 12:19:45,979 - INFO - HTTP Request: POST http://127.0.0.1:11434/api/chat "HTTP/1.1 200 OK"
2025-02-12 12:19:48,882 - INFO - Model selected tool: update_property_status with arguments: {'property_identifier': 'Sunset Villa', 'new_status': 'Sold'}
2025-02-12 12:19:48,887 - INFO - Model response: Property Sunset Villa status successfully updated to 'Sold'
2025-02-12 12:21:02,643 - INFO - HTTP Request: POST http://127.0.0.1:11434/api/chat "HTTP/1.1 200 OK"
2025-02-12 12:21:04,930 - INFO - Model selected tool: get_property_status with arguments: {'property_identifier': '123 Main St'}
2025-02-12 12:21:04,933 - INFO - Model response: Property '123 Main St' status: Available
Details: Ready to move
2025-02-12 12:21:17,815 - INFO - HTTP Request: POST http://127.0.0.1:11434/api/chat "HTTP/1.1 200 OK"
2025-02-12 12:21:20,687 - INFO - Model selected tool: update_property_status with arguments: {'property_identifier': 'Sunset Villa', 'new_status': 'Sold'}
2025-02-12 12:21:20,694 - INFO - Model response: Property Sunset Villa status successfully updated to 'Sold'
2025-02-12 12:23:12,461 - INFO - HTTP Request: POST http://127.0.0.1:11434/api/chat "HTTP/1.1 200 OK"
2025-02-12 12:23:14,778 - INFO - Model selected tool: get_meeting_link with arguments: {'fly_person_name': 'Bob'}
2025-02-12 12:23:14,780 - INFO - Model response: Error retrieving meeting link: no such table: FlyTeam
2025-02-12 12:23:20,053 - INFO - HTTP Request: POST http://127.0.0.1:11434/api/chat "HTTP/1.1 200 OK"
2025-02-12 12:23:22,460 - INFO - Model selected tool: get_meeting_link with arguments: {'fly_person_name': 'Bob Smith'}
2025-02-12 12:23:22,463 - INFO - Model response: Error retrieving meeting link: no such table: FlyTeam
2025-02-12 12:23:43,513 - INFO - HTTP Request: POST http://127.0.0.1:11434/api/chat "HTTP/1.1 200 OK"
2025-02-12 12:23:45,890 - INFO - Model selected tool: get_meeting_link with arguments: {'fly_person_name': 'Bob Smith'}
2025-02-12 12:23:45,892 - INFO - Model response: Error retrieving meeting link: no such table: FlyTeam
2025-02-12 12:24:39,998 - INFO - HTTP Request: POST http://127.0.0.1:11434/api/chat "HTTP/1.1 200 OK"
2025-02-12 12:24:42,316 - INFO - Model selected tool: get_meeting_link with arguments: {'fly_person_name': 'Bob'}
2025-02-12 12:24:42,318 - INFO - Model response: Error retrieving meeting link: no such column: name
2025-02-12 12:24:49,456 - INFO - HTTP Request: POST http://127.0.0.1:11434/api/chat "HTTP/1.1 200 OK"
2025-02-12 12:24:51,839 - INFO - Model selected tool: get_meeting_link with arguments: {'fly_person_name': 'Bob Smith'}
2025-02-12 12:24:51,841 - INFO - Model response: Error retrieving meeting link: no such column: name
2025-02-12 12:25:17,299 - INFO - HTTP Request: POST http://127.0.0.1:11434/api/chat "HTTP/1.1 200 OK"
2025-02-12 12:25:19,675 - INFO - Model selected tool: get_meeting_link with arguments: {'fly_person_name': 'Bob Smith'}
2025-02-12 12:25:19,677 - INFO - Model response: Meeting link for Bob Smith: https://calendly.com/bob-smith
2025-02-12 12:25:33,128 - INFO - HTTP Request: POST http://127.0.0.1:11434/api/chat "HTTP/1.1 200 OK"
2025-02-12 12:25:35,438 - INFO - Model selected tool: get_meeting_link with arguments: {'fly_person_name': 'Bob'}
2025-02-12 12:25:35,440 - INFO - Model response: No meeting link found for fly team member 'Bob'
2025-02-12 12:25:48,098 - INFO - HTTP Request: POST http://127.0.0.1:11434/api/chat "HTTP/1.1 200 OK"
2025-02-12 12:25:53,353 - INFO - Model selected tool: get_meeting_link with arguments: {'fly_person_name': 'Bob Smith'}
2025-02-12 12:25:53,356 - INFO - Model response: Meeting link for Bob Smith: https://calendly.com/bob-smith
